<?xml version="1.0" encoding="UTF-8"?>
<testsuites disabled="0" errors="0" failures="0" tests="1" time="0">
<testsuite disabled="0" errors="0" failures="0" name="gcd_part5" skipped="0" tests="1" time="0">
<properties>
<property name="os" value="posix"/>
</properties>
<testcase classname="gcd_part5" name="cover" status="PASS" time="0">
<system-out>SBY 19:04:57 [gcd_part5_cover] Removing directory 'gcd_part5_cover'.
SBY 19:04:57 [gcd_part5_cover] Copy 'gcd.sv' to 'gcd_part5_cover/src/gcd.sv'.
SBY 19:04:57 [gcd_part5_cover] Copy 'gcd_ctrl.sv' to 'gcd_part5_cover/src/gcd_ctrl.sv'.
SBY 19:04:57 [gcd_part5_cover] engine_0: smtbmc
SBY 19:04:57 [gcd_part5_cover] base: starting process &quot;cd gcd_part5_cover/src; yosys -ql ../model/design.log ../model/design.ys&quot;
SBY 19:04:57 [gcd_part5_cover] base: finished (returncode=0)
SBY 19:04:57 [gcd_part5_cover] smt2: starting process &quot;cd gcd_part5_cover/model; yosys -ql design_smt2.log design_smt2.ys&quot;
SBY 19:04:57 [gcd_part5_cover] smt2: finished (returncode=0)
SBY 19:04:57 [gcd_part5_cover] engine_0: starting process &quot;cd gcd_part5_cover; yosys-smtbmc --presat --unroll -c --noprogress -t 10 --append 0 --dump-vcd engine_0/trace%.vcd --dump-vlogtb engine_0/trace%_tb.v --dump-smtc engine_0/trace%.smtc model/design_smt2.smt2&quot;
SBY 19:04:58 [gcd_part5_cover] engine_0: ##   0:00:00  Solver: yices
SBY 19:04:58 [gcd_part5_cover] engine_0: ##   0:00:00  Checking cover reachability in step 0..
SBY 19:04:58 [gcd_part5_cover] engine_0: ##   0:00:00  Reached cover statement at gcd.sv:40.31-40.59 in step 0.
SBY 19:04:58 [gcd_part5_cover] engine_0: ##   0:00:00  Writing trace to VCD file: engine_0/trace0.vcd
SBY 19:04:58 [gcd_part5_cover] engine_0: ##   0:00:00  Writing trace to Verilog testbench: engine_0/trace0_tb.v
SBY 19:04:58 [gcd_part5_cover] engine_0: ##   0:00:00  Writing trace to constraints file: engine_0/trace0.smtc
SBY 19:04:58 [gcd_part5_cover] engine_0: ##   0:00:00  Checking cover reachability in step 0..
SBY 19:04:58 [gcd_part5_cover] engine_0: ##   0:00:00  Reached cover statement at gcd.sv:41.34-41.61 in step 0.
SBY 19:04:58 [gcd_part5_cover] engine_0: ##   0:00:00  Writing trace to VCD file: engine_0/trace1.vcd
SBY 19:04:58 [gcd_part5_cover] engine_0: ##   0:00:00  Writing trace to Verilog testbench: engine_0/trace1_tb.v
SBY 19:04:58 [gcd_part5_cover] engine_0: ##   0:00:00  Writing trace to constraints file: engine_0/trace1.smtc
SBY 19:04:58 [gcd_part5_cover] engine_0: ##   0:00:00  Checking cover reachability in step 0..
SBY 19:04:58 [gcd_part5_cover] engine_0: ##   0:00:00  Checking cover reachability in step 1..
SBY 19:04:58 [gcd_part5_cover] engine_0: ##   0:00:00  Reached cover statement at gcd.sv:24.61-29.58 in step 1.
SBY 19:04:58 [gcd_part5_cover] engine_0: ##   0:00:00  Reached cover statement at gcd.sv:20.36-24.60 in step 1.
SBY 19:04:58 [gcd_part5_cover] engine_0: ##   0:00:00  Writing trace to VCD file: engine_0/trace2.vcd
SBY 19:04:58 [gcd_part5_cover] engine_0: ##   0:00:00  Writing trace to Verilog testbench: engine_0/trace2_tb.v
SBY 19:04:58 [gcd_part5_cover] engine_0: ##   0:00:00  Writing trace to constraints file: engine_0/trace2.smtc
SBY 19:04:58 [gcd_part5_cover] engine_0: ##   0:00:00  Status: passed
SBY 19:04:58 [gcd_part5_cover] engine_0: finished (returncode=0)
SBY 19:04:58 [gcd_part5_cover] engine_0: Status returned by engine: pass
SBY 19:04:58 [gcd_part5_cover] summary: Elapsed clock time [H:MM:SS (secs)]: 0:00:00 (0)
SBY 19:04:58 [gcd_part5_cover] summary: Elapsed process time [H:MM:SS (secs)]: 0:00:00 (0)
SBY 19:04:58 [gcd_part5_cover] summary: engine_0 (smtbmc) returned pass
SBY 19:04:58 [gcd_part5_cover] DONE (PASS, rc=0)
</system-out></testcase></testsuite></testsuites>
